<?xml version="1.0" encoding="UTF-8"?>
<!-- Generated by org.testng.reporters.JUnitReportReporter -->
<testsuite hostname="LTAU00496" failures="0" tests="1" name="co.pack.NewTest" time="34.243" errors="0" timestamp="07 Aug 2019 05:51:33 GMT" skipped="0">
  <testcase classname="co.pack.NewTest" name="NewTestDemo" time="34.243"/>
</testsuite> <!-- co.pack.NewTest -->
