<?xml version="1.0" encoding="UTF-8"?>
<!-- Generated by org.testng.reporters.JUnitReportReporter -->
<testsuite hostname="LTAU00496" failures="0" tests="1" name="co.pack.NewTest" time="119.612" errors="0" timestamp="8 Aug 2019 00:11:43 GMT">
  <testcase classname="co.pack.NewTest" name="NewTestDemo" time="119.612"/>
</testsuite> <!-- co.pack.NewTest -->
