<?xml version="1.0" encoding="UTF-8"?>
<!-- Generated by org.testng.reporters.JUnitReportReporter -->
<testsuite hostname="LTAU00496" failures="0" tests="1" name="co.pack.NewTest" time="88.532" errors="0" timestamp="7 Aug 2019 23:40:39 GMT">
  <testcase classname="co.pack.NewTest" name="NewTestDemo" time="88.532"/>
</testsuite> <!-- co.pack.NewTest -->
