<?xml version="1.0" encoding="UTF-8"?>
<!-- Generated by org.testng.reporters.JUnitReportReporter -->
<testsuite hostname="LTAU00496" failures="0" tests="1" name="co.pack.NewTest" time="30.801" errors="0" timestamp="07 Aug 2019 03:52:18 GMT" skipped="0">
  <testcase classname="co.pack.NewTest" name="NewTestDemo" time="30.801"/>
</testsuite> <!-- co.pack.NewTest -->
